This file contains any messages produced by compilers while
running configure, to aid debugging if configure makes a mistake.

It was created by occillo configure 1.0.0, which was
generated by GNU Autoconf 2.69.  Invocation command line was

  $ ./configure 

## --------- ##
## Platform. ##
## --------- ##

hostname = carbon
uname -m = x86_64
uname -r = 4.7.2-1-ARCH
uname -s = Linux
uname -v = #1 SMP PREEMPT Sat Aug 20 23:02:56 CEST 2016

/usr/bin/uname -p = unknown
/bin/uname -X     = unknown

/bin/arch              = unknown
/usr/bin/arch -k       = unknown
/usr/convex/getsysinfo = unknown
/usr/bin/hostinfo      = unknown
/bin/machine           = unknown
/usr/bin/oslevel       = unknown
/bin/universe          = unknown

PATH: /usr/local/sbin
PATH: /usr/local/bin
PATH: /usr/bin
PATH: /usr/bin/site_perl
PATH: /usr/bin/vendor_perl
PATH: /usr/bin/core_perl
PATH: /home/darran/.gem/ruby/2.3.0/bin


## ----------- ##
## Core tests. ##
## ----------- ##

configure:2543: checking build system type
configure:2557: result: x86_64-unknown-linux-gnu
configure:2577: checking host system type
configure:2590: result: x86_64-unknown-linux-gnu
configure:2630: checking for a BSD-compatible install
configure:2698: result: /usr/bin/install -c
configure:2709: checking whether build environment is sane
configure:2764: result: yes
configure:2915: checking for a thread-safe mkdir -p
configure:2954: result: /usr/bin/mkdir -p
configure:2961: checking for gawk
configure:2977: found /usr/bin/gawk
configure:2988: result: gawk
configure:2999: checking whether make sets $(MAKE)
configure:3021: result: yes
configure:3050: checking whether make supports nested variables
configure:3067: result: yes
configure:3243: checking for g++
configure:3259: found /usr/bin/g++
configure:3270: result: g++
configure:3297: checking for C++ compiler version
configure:3306: g++ --version >&5
g++ (GCC) 6.2.1 20160830
Copyright (C) 2016 Free Software Foundation, Inc.
This is free software; see the source for copying conditions.  There is NO
warranty; not even for MERCHANTABILITY or FITNESS FOR A PARTICULAR PURPOSE.

configure:3317: $? = 0
configure:3306: g++ -v >&5
Using built-in specs.
COLLECT_GCC=g++
COLLECT_LTO_WRAPPER=/usr/lib/gcc/x86_64-pc-linux-gnu/6.2.1/lto-wrapper
Target: x86_64-pc-linux-gnu
Configured with: /build/gcc/src/gcc/configure --prefix=/usr --libdir=/usr/lib --libexecdir=/usr/lib --mandir=/usr/share/man --infodir=/usr/share/info --with-bugurl=https://bugs.archlinux.org/ --enable-languages=c,c++,ada,fortran,go,lto,objc,obj-c++ --enable-shared --enable-threads=posix --enable-libmpx --with-system-zlib --with-isl --enable-__cxa_atexit --disable-libunwind-exceptions --enable-clocale=gnu --disable-libstdcxx-pch --disable-libssp --enable-gnu-unique-object --enable-linker-build-id --enable-lto --enable-plugin --enable-install-libiberty --with-linker-hash-style=gnu --enable-gnu-indirect-function --disable-multilib --disable-werror --enable-checking=release
Thread model: posix
gcc version 6.2.1 20160830 (GCC) 
configure:3317: $? = 0
configure:3306: g++ -V >&5
g++: error: unrecognized command line option '-V'
g++: fatal error: no input files
compilation terminated.
configure:3317: $? = 1
configure:3306: g++ -qversion >&5
g++: error: unrecognized command line option '-qversion'; did you mean '--version'?
g++: fatal error: no input files
compilation terminated.
configure:3317: $? = 1
configure:3337: checking whether the C++ compiler works
configure:3359: g++    conftest.cpp  >&5
configure:3363: $? = 0
configure:3411: result: yes
configure:3414: checking for C++ compiler default output file name
configure:3416: result: a.out
configure:3422: checking for suffix of executables
configure:3429: g++ -o conftest    conftest.cpp  >&5
configure:3433: $? = 0
configure:3455: result: 
configure:3477: checking whether we are cross compiling
configure:3485: g++ -o conftest    conftest.cpp  >&5
configure:3489: $? = 0
configure:3496: ./conftest
configure:3500: $? = 0
configure:3515: result: no
configure:3520: checking for suffix of object files
configure:3542: g++ -c   conftest.cpp >&5
configure:3546: $? = 0
configure:3567: result: o
configure:3571: checking whether we are using the GNU C++ compiler
configure:3590: g++ -c   conftest.cpp >&5
configure:3590: $? = 0
configure:3599: result: yes
configure:3608: checking whether g++ accepts -g
configure:3628: g++ -c -g  conftest.cpp >&5
configure:3628: $? = 0
configure:3669: result: yes
configure:3703: checking for style of include used by make
configure:3731: result: GNU
configure:3757: checking dependency style of g++
configure:3868: result: gcc3
configure:3890: checking whether ln -s works
configure:3894: result: yes
configure:3901: checking for a sed that does not truncate output
configure:3965: result: /usr/bin/sed
configure:3971: checking whether NLS is requested
configure:3980: result: yes
configure:4020: checking for msgfmt
configure: trying /usr/bin/msgfmt...
0 translated messages.
configure:4052: result: /usr/bin/msgfmt
configure:4061: checking for gmsgfmt
configure:4092: result: /usr/bin/msgfmt
configure:4142: checking for xgettext
configure: trying /usr/bin/xgettext...
/usr/bin/xgettext: warning: file '/dev/null' extension '' is unknown; will try C
configure:4174: result: /usr/bin/xgettext
configure:4219: checking for msgmerge
configure: trying /usr/bin/msgmerge...
configure:4250: result: /usr/bin/msgmerge
configure:4331: checking for gcc
configure:4347: found /usr/bin/gcc
configure:4358: result: gcc
configure:4587: checking for C compiler version
configure:4596: gcc --version >&5
gcc (GCC) 6.2.1 20160830
Copyright (C) 2016 Free Software Foundation, Inc.
This is free software; see the source for copying conditions.  There is NO
warranty; not even for MERCHANTABILITY or FITNESS FOR A PARTICULAR PURPOSE.

configure:4607: $? = 0
configure:4596: gcc -v >&5
Using built-in specs.
COLLECT_GCC=gcc
COLLECT_LTO_WRAPPER=/usr/lib/gcc/x86_64-pc-linux-gnu/6.2.1/lto-wrapper
Target: x86_64-pc-linux-gnu
Configured with: /build/gcc/src/gcc/configure --prefix=/usr --libdir=/usr/lib --libexecdir=/usr/lib --mandir=/usr/share/man --infodir=/usr/share/info --with-bugurl=https://bugs.archlinux.org/ --enable-languages=c,c++,ada,fortran,go,lto,objc,obj-c++ --enable-shared --enable-threads=posix --enable-libmpx --with-system-zlib --with-isl --enable-__cxa_atexit --disable-libunwind-exceptions --enable-clocale=gnu --disable-libstdcxx-pch --disable-libssp --enable-gnu-unique-object --enable-linker-build-id --enable-lto --enable-plugin --enable-install-libiberty --with-linker-hash-style=gnu --enable-gnu-indirect-function --disable-multilib --disable-werror --enable-checking=release
Thread model: posix
gcc version 6.2.1 20160830 (GCC) 
configure:4607: $? = 0
configure:4596: gcc -V >&5
gcc: error: unrecognized command line option '-V'
gcc: fatal error: no input files
compilation terminated.
configure:4607: $? = 1
configure:4596: gcc -qversion >&5
gcc: error: unrecognized command line option '-qversion'; did you mean '--version'?
gcc: fatal error: no input files
compilation terminated.
configure:4607: $? = 1
configure:4611: checking whether we are using the GNU C compiler
configure:4630: gcc -c   conftest.c >&5
configure:4630: $? = 0
configure:4639: result: yes
configure:4648: checking whether gcc accepts -g
configure:4668: gcc -c -g  conftest.c >&5
configure:4668: $? = 0
configure:4709: result: yes
configure:4726: checking for gcc option to accept ISO C89
configure:4789: gcc  -c -g -O2  conftest.c >&5
configure:4789: $? = 0
configure:4802: result: none needed
configure:4827: checking whether gcc understands -c and -o together
configure:4849: gcc -c conftest.c -o conftest2.o
configure:4852: $? = 0
configure:4849: gcc -c conftest.c -o conftest2.o
configure:4852: $? = 0
configure:4864: result: yes
configure:4883: checking dependency style of gcc
configure:4994: result: gcc3
configure:5034: checking for ld used by gcc
configure:5101: result: /usr/bin/ld
configure:5108: checking if the linker (/usr/bin/ld) is GNU ld
configure:5123: result: yes
configure:5130: checking for shared library run path origin
configure:5143: result: done
configure:5168: checking how to run the C++ preprocessor
configure:5195: g++ -E  conftest.cpp
configure:5195: $? = 0
configure:5209: g++ -E  conftest.cpp
conftest.cpp:9:28: fatal error: ac_nonexistent.h: No such file or directory
 #include <ac_nonexistent.h>
                            ^
compilation terminated.
configure:5209: $? = 1
configure: failed program was:
| /* confdefs.h */
| #define PACKAGE_NAME "occillo"
| #define PACKAGE_TARNAME "occillo"
| #define PACKAGE_VERSION "1.0.0"
| #define PACKAGE_STRING "occillo 1.0.0"
| #define PACKAGE_BUGREPORT "chewy509@mailcity.com"
| #define PACKAGE_URL ""
| /* end confdefs.h.  */
| #include <ac_nonexistent.h>
configure:5234: result: g++ -E
configure:5254: g++ -E  conftest.cpp
configure:5254: $? = 0
configure:5268: g++ -E  conftest.cpp
conftest.cpp:9:28: fatal error: ac_nonexistent.h: No such file or directory
 #include <ac_nonexistent.h>
                            ^
compilation terminated.
configure:5268: $? = 1
configure: failed program was:
| /* confdefs.h */
| #define PACKAGE_NAME "occillo"
| #define PACKAGE_TARNAME "occillo"
| #define PACKAGE_VERSION "1.0.0"
| #define PACKAGE_STRING "occillo 1.0.0"
| #define PACKAGE_BUGREPORT "chewy509@mailcity.com"
| #define PACKAGE_URL ""
| /* end confdefs.h.  */
| #include <ac_nonexistent.h>
configure:5297: checking for grep that handles long lines and -e
configure:5355: result: /usr/bin/grep
configure:5360: checking for egrep
configure:5422: result: /usr/bin/grep -E
configure:5980: checking for CFPreferencesCopyAppValue
configure:5998: g++ -o conftest -g -O2   conftest.cpp  -Wl,-framework -Wl,CoreFoundation >&5
conftest.cpp:9:42: fatal error: CoreFoundation/CFPreferences.h: No such file or directory
 #include <CoreFoundation/CFPreferences.h>
                                          ^
compilation terminated.
configure:5998: $? = 1
configure: failed program was:
| /* confdefs.h */
| #define PACKAGE_NAME "occillo"
| #define PACKAGE_TARNAME "occillo"
| #define PACKAGE_VERSION "1.0.0"
| #define PACKAGE_STRING "occillo 1.0.0"
| #define PACKAGE_BUGREPORT "chewy509@mailcity.com"
| #define PACKAGE_URL ""
| /* end confdefs.h.  */
| #include <CoreFoundation/CFPreferences.h>
| int
| main ()
| {
| CFPreferencesCopyAppValue(NULL, NULL)
|   ;
|   return 0;
| }
configure:6007: result: no
configure:6014: checking for CFLocaleCopyCurrent
configure:6032: g++ -o conftest -g -O2   conftest.cpp  -Wl,-framework -Wl,CoreFoundation >&5
conftest.cpp:9:37: fatal error: CoreFoundation/CFLocale.h: No such file or directory
 #include <CoreFoundation/CFLocale.h>
                                     ^
compilation terminated.
configure:6032: $? = 1
configure: failed program was:
| /* confdefs.h */
| #define PACKAGE_NAME "occillo"
| #define PACKAGE_TARNAME "occillo"
| #define PACKAGE_VERSION "1.0.0"
| #define PACKAGE_STRING "occillo 1.0.0"
| #define PACKAGE_BUGREPORT "chewy509@mailcity.com"
| #define PACKAGE_URL ""
| /* end confdefs.h.  */
| #include <CoreFoundation/CFLocale.h>
| int
| main ()
| {
| CFLocaleCopyCurrent();
|   ;
|   return 0;
| }
configure:6041: result: no
configure:6090: checking for GNU gettext in libc
configure:6114: g++ -o conftest -g -O2   conftest.cpp  >&5
configure:6114: $? = 0
configure:6123: result: yes
configure:6951: checking whether to use NLS
configure:6953: result: yes
configure:6956: checking where the gettext function comes from
configure:6967: result: libc
configure:7032: checking whether g++ supports C++11 features by default
configure:7092: g++ -c -g -O2  conftest.cpp >&5
configure:7092: $? = 0
configure:7099: result: yes
configure:7250: checking for cppunit-config
configure:7268: found /usr/bin/cppunit-config
configure:7281: result: /usr/bin/cppunit-config
configure:7291: checking for Cppunit - version >= 1.13.0
configure:7337: result: 1.13.2
configure:7371: checking for doxygen
configure:7387: found /usr/bin/doxygen
configure:7398: result: doxygen
configure:7415: checking for ANSI C header files
configure:7435: g++ -c -g -O2  conftest.cpp >&5
configure:7435: $? = 0
configure:7508: g++ -o conftest -g -O2   conftest.cpp  >&5
configure:7508: $? = 0
configure:7508: ./conftest
configure:7508: $? = 0
configure:7519: result: yes
configure:7532: checking for sys/types.h
configure:7532: g++ -c -g -O2  conftest.cpp >&5
configure:7532: $? = 0
configure:7532: result: yes
configure:7532: checking for sys/stat.h
configure:7532: g++ -c -g -O2  conftest.cpp >&5
configure:7532: $? = 0
configure:7532: result: yes
configure:7532: checking for stdlib.h
configure:7532: g++ -c -g -O2  conftest.cpp >&5
configure:7532: $? = 0
configure:7532: result: yes
configure:7532: checking for string.h
configure:7532: g++ -c -g -O2  conftest.cpp >&5
configure:7532: $? = 0
configure:7532: result: yes
configure:7532: checking for memory.h
configure:7532: g++ -c -g -O2  conftest.cpp >&5
configure:7532: $? = 0
configure:7532: result: yes
configure:7532: checking for strings.h
configure:7532: g++ -c -g -O2  conftest.cpp >&5
configure:7532: $? = 0
configure:7532: result: yes
configure:7532: checking for inttypes.h
configure:7532: g++ -c -g -O2  conftest.cpp >&5
configure:7532: $? = 0
configure:7532: result: yes
configure:7532: checking for stdint.h
configure:7532: g++ -c -g -O2  conftest.cpp >&5
configure:7532: $? = 0
configure:7532: result: yes
configure:7532: checking for unistd.h
configure:7532: g++ -c -g -O2  conftest.cpp >&5
configure:7532: $? = 0
configure:7532: result: yes
configure:7547: checking libintl.h usability
configure:7547: g++ -c -g -O2  conftest.cpp >&5
configure:7547: $? = 0
configure:7547: result: yes
configure:7547: checking libintl.h presence
configure:7547: g++ -E  conftest.cpp
configure:7547: $? = 0
configure:7547: result: yes
configure:7547: checking for libintl.h
configure:7547: result: yes
configure:7547: checking locale.h usability
configure:7547: g++ -c -g -O2  conftest.cpp >&5
configure:7547: $? = 0
configure:7547: result: yes
configure:7547: checking locale.h presence
configure:7547: g++ -E  conftest.cpp
configure:7547: $? = 0
configure:7547: result: yes
configure:7547: checking for locale.h
configure:7547: result: yes
configure:7547: checking for stdlib.h
configure:7547: result: yes
configure:7547: checking for string.h
configure:7547: result: yes
configure:7547: checking for strings.h
configure:7547: result: yes
configure:7547: checking for unistd.h
configure:7547: result: yes
configure:7547: checking cstdlib usability
configure:7547: g++ -c -g -O2  conftest.cpp >&5
configure:7547: $? = 0
configure:7547: result: yes
configure:7547: checking cstdlib presence
configure:7547: g++ -E  conftest.cpp
configure:7547: $? = 0
configure:7547: result: yes
configure:7547: checking for cstdlib
configure:7547: result: yes
configure:7547: checking string usability
configure:7547: g++ -c -g -O2  conftest.cpp >&5
configure:7547: $? = 0
configure:7547: result: yes
configure:7547: checking string presence
configure:7547: g++ -E  conftest.cpp
configure:7547: $? = 0
configure:7547: result: yes
configure:7547: checking for string
configure:7547: result: yes
configure:7547: checking iostream usability
configure:7547: g++ -c -g -O2  conftest.cpp >&5
configure:7547: $? = 0
configure:7547: result: yes
configure:7547: checking iostream presence
configure:7547: g++ -E  conftest.cpp
configure:7547: $? = 0
configure:7547: result: yes
configure:7547: checking for iostream
configure:7547: result: yes
configure:7547: checking stack usability
configure:7547: g++ -c -g -O2  conftest.cpp >&5
configure:7547: $? = 0
configure:7547: result: yes
configure:7547: checking stack presence
configure:7547: g++ -E  conftest.cpp
configure:7547: $? = 0
configure:7547: result: yes
configure:7547: checking for stack
configure:7547: result: yes
configure:7547: checking set usability
configure:7547: g++ -c -g -O2  conftest.cpp >&5
configure:7547: $? = 0
configure:7547: result: yes
configure:7547: checking set presence
configure:7547: g++ -E  conftest.cpp
configure:7547: $? = 0
configure:7547: result: yes
configure:7547: checking for set
configure:7547: result: yes
configure:7547: checking cerrno usability
configure:7547: g++ -c -g -O2  conftest.cpp >&5
configure:7547: $? = 0
configure:7547: result: yes
configure:7547: checking cerrno presence
configure:7547: g++ -E  conftest.cpp
configure:7547: $? = 0
configure:7547: result: yes
configure:7547: checking for cerrno
configure:7547: result: yes
configure:7547: checking vector usability
configure:7547: g++ -c -g -O2  conftest.cpp >&5
configure:7547: $? = 0
configure:7547: result: yes
configure:7547: checking vector presence
configure:7547: g++ -E  conftest.cpp
configure:7547: $? = 0
configure:7547: result: yes
configure:7547: checking for vector
configure:7547: result: yes
configure:7547: checking for sys/stat.h
configure:7547: result: yes
configure:7559: checking for size_t
configure:7559: g++ -c -g -O2  conftest.cpp >&5
configure:7559: $? = 0
configure:7559: g++ -c -g -O2  conftest.cpp >&5
conftest.cpp: In function 'int main()':
conftest.cpp:72:20: error: expected primary-expression before ')' token
 if (sizeof ((size_t)))
                    ^
configure:7559: $? = 1
configure: failed program was:
| /* confdefs.h */
| #define PACKAGE_NAME "occillo"
| #define PACKAGE_TARNAME "occillo"
| #define PACKAGE_VERSION "1.0.0"
| #define PACKAGE_STRING "occillo 1.0.0"
| #define PACKAGE_BUGREPORT "chewy509@mailcity.com"
| #define PACKAGE_URL ""
| #define ENABLE_NLS 1
| #define HAVE_GETTEXT 1
| #define HAVE_DCGETTEXT 1
| #define STDC_HEADERS 1
| #define HAVE_SYS_TYPES_H 1
| #define HAVE_SYS_STAT_H 1
| #define HAVE_STDLIB_H 1
| #define HAVE_STRING_H 1
| #define HAVE_MEMORY_H 1
| #define HAVE_STRINGS_H 1
| #define HAVE_INTTYPES_H 1
| #define HAVE_STDINT_H 1
| #define HAVE_UNISTD_H 1
| #define HAVE_LIBINTL_H 1
| #define HAVE_LOCALE_H 1
| #define HAVE_STDLIB_H 1
| #define HAVE_STRING_H 1
| #define HAVE_STRINGS_H 1
| #define HAVE_UNISTD_H 1
| #define HAVE_CSTDLIB 1
| #define HAVE_STRING 1
| #define HAVE_IOSTREAM 1
| #define HAVE_STACK 1
| #define HAVE_SET 1
| #define HAVE_CERRNO 1
| #define HAVE_VECTOR 1
| #define HAVE_SYS_STAT_H 1
| /* end confdefs.h.  */
| #include <stdio.h>
| #ifdef HAVE_SYS_TYPES_H
| # include <sys/types.h>
| #endif
| #ifdef HAVE_SYS_STAT_H
| # include <sys/stat.h>
| #endif
| #ifdef STDC_HEADERS
| # include <stdlib.h>
| # include <stddef.h>
| #else
| # ifdef HAVE_STDLIB_H
| #  include <stdlib.h>
| # endif
| #endif
| #ifdef HAVE_STRING_H
| # if !defined STDC_HEADERS && defined HAVE_MEMORY_H
| #  include <memory.h>
| # endif
| # include <string.h>
| #endif
| #ifdef HAVE_STRINGS_H
| # include <strings.h>
| #endif
| #ifdef HAVE_INTTYPES_H
| # include <inttypes.h>
| #endif
| #ifdef HAVE_STDINT_H
| # include <stdint.h>
| #endif
| #ifdef HAVE_UNISTD_H
| # include <unistd.h>
| #endif
| int
| main ()
| {
| if (sizeof ((size_t)))
| 	    return 0;
|   ;
|   return 0;
| }
configure:7559: result: yes
configure:7570: checking for stdbool.h that conforms to C99
configure:7637: g++ -c -g -O2  conftest.cpp >&5
conftest.cpp:39:15: error: expected unqualified-id before string constant
               "error: bool is not defined"
               ^~~~~~~~~~~~~~~~~~~~~~~~~~~~
conftest.cpp:57:48: error: 's' does not name a type
              struct s { _Bool s: 1; _Bool t; } s;
                                                ^
conftest.cpp:67:28: error: 's' was not declared in this scope
              char i[sizeof s.t];
                            ^
conftest.cpp: In function 'int main()':
conftest.cpp:85:24: error: 's' was not declared in this scope
              bool e = &s;
                        ^
conftest.cpp:89:63: error: 'i' was not declared in this scope
              return (!a + !b + !c + !d + !e + !f + !g + !h + !i + !!j + !k + !!l
                                                               ^
configure:7637: $? = 1
configure: failed program was:
| /* confdefs.h */
| #define PACKAGE_NAME "occillo"
| #define PACKAGE_TARNAME "occillo"
| #define PACKAGE_VERSION "1.0.0"
| #define PACKAGE_STRING "occillo 1.0.0"
| #define PACKAGE_BUGREPORT "chewy509@mailcity.com"
| #define PACKAGE_URL ""
| #define ENABLE_NLS 1
| #define HAVE_GETTEXT 1
| #define HAVE_DCGETTEXT 1
| #define STDC_HEADERS 1
| #define HAVE_SYS_TYPES_H 1
| #define HAVE_SYS_STAT_H 1
| #define HAVE_STDLIB_H 1
| #define HAVE_STRING_H 1
| #define HAVE_MEMORY_H 1
| #define HAVE_STRINGS_H 1
| #define HAVE_INTTYPES_H 1
| #define HAVE_STDINT_H 1
| #define HAVE_UNISTD_H 1
| #define HAVE_LIBINTL_H 1
| #define HAVE_LOCALE_H 1
| #define HAVE_STDLIB_H 1
| #define HAVE_STRING_H 1
| #define HAVE_STRINGS_H 1
| #define HAVE_UNISTD_H 1
| #define HAVE_CSTDLIB 1
| #define HAVE_STRING 1
| #define HAVE_IOSTREAM 1
| #define HAVE_STACK 1
| #define HAVE_SET 1
| #define HAVE_CERRNO 1
| #define HAVE_VECTOR 1
| #define HAVE_SYS_STAT_H 1
| /* end confdefs.h.  */
| 
|              #include <stdbool.h>
|              #ifndef bool
|               "error: bool is not defined"
|              #endif
|              #ifndef false
|               "error: false is not defined"
|              #endif
|              #if false
|               "error: false is not 0"
|              #endif
|              #ifndef true
|               "error: true is not defined"
|              #endif
|              #if true != 1
|               "error: true is not 1"
|              #endif
|              #ifndef __bool_true_false_are_defined
|               "error: __bool_true_false_are_defined is not defined"
|              #endif
| 
|              struct s { _Bool s: 1; _Bool t; } s;
| 
|              char a[true == 1 ? 1 : -1];
|              char b[false == 0 ? 1 : -1];
|              char c[__bool_true_false_are_defined == 1 ? 1 : -1];
|              char d[(bool) 0.5 == true ? 1 : -1];
|              /* See body of main program for 'e'.  */
|              char f[(_Bool) 0.0 == false ? 1 : -1];
|              char g[true];
|              char h[sizeof (_Bool)];
|              char i[sizeof s.t];
|              enum { j = false, k = true, l = false * true, m = true * 256 };
|              /* The following fails for
|                 HP aC++/ANSI C B3910B A.05.55 [Dec 04 2003]. */
|              _Bool n[m];
|              char o[sizeof n == m * sizeof n[0] ? 1 : -1];
|              char p[-1 - (_Bool) 0 < 0 && -1 - (bool) 0 < 0 ? 1 : -1];
|              /* Catch a bug in an HP-UX C compiler.  See
|                 http://gcc.gnu.org/ml/gcc-patches/2003-12/msg02303.html
|                 http://lists.gnu.org/archive/html/bug-coreutils/2005-11/msg00161.html
|               */
|              _Bool q = true;
|              _Bool *pq = &q;
| 
| int
| main ()
| {
| 
|              bool e = &s;
|              *pq |= q;
|              *pq |= ! q;
|              /* Refer to every declared value, to avoid compiler optimizations.  */
|              return (!a + !b + !c + !d + !e + !f + !g + !h + !i + !!j + !k + !!l
|                      + !m + !n + !o + !p + !q + !pq);
| 
|   ;
|   return 0;
| }
configure:7644: result: no
configure:7646: checking for _Bool
configure:7646: g++ -c -g -O2  conftest.cpp >&5
conftest.cpp: In function 'int main()':
conftest.cpp:72:13: error: '_Bool' was not declared in this scope
 if (sizeof (_Bool))
             ^~~~~
configure:7646: $? = 1
configure: failed program was:
| /* confdefs.h */
| #define PACKAGE_NAME "occillo"
| #define PACKAGE_TARNAME "occillo"
| #define PACKAGE_VERSION "1.0.0"
| #define PACKAGE_STRING "occillo 1.0.0"
| #define PACKAGE_BUGREPORT "chewy509@mailcity.com"
| #define PACKAGE_URL ""
| #define ENABLE_NLS 1
| #define HAVE_GETTEXT 1
| #define HAVE_DCGETTEXT 1
| #define STDC_HEADERS 1
| #define HAVE_SYS_TYPES_H 1
| #define HAVE_SYS_STAT_H 1
| #define HAVE_STDLIB_H 1
| #define HAVE_STRING_H 1
| #define HAVE_MEMORY_H 1
| #define HAVE_STRINGS_H 1
| #define HAVE_INTTYPES_H 1
| #define HAVE_STDINT_H 1
| #define HAVE_UNISTD_H 1
| #define HAVE_LIBINTL_H 1
| #define HAVE_LOCALE_H 1
| #define HAVE_STDLIB_H 1
| #define HAVE_STRING_H 1
| #define HAVE_STRINGS_H 1
| #define HAVE_UNISTD_H 1
| #define HAVE_CSTDLIB 1
| #define HAVE_STRING 1
| #define HAVE_IOSTREAM 1
| #define HAVE_STACK 1
| #define HAVE_SET 1
| #define HAVE_CERRNO 1
| #define HAVE_VECTOR 1
| #define HAVE_SYS_STAT_H 1
| /* end confdefs.h.  */
| #include <stdio.h>
| #ifdef HAVE_SYS_TYPES_H
| # include <sys/types.h>
| #endif
| #ifdef HAVE_SYS_STAT_H
| # include <sys/stat.h>
| #endif
| #ifdef STDC_HEADERS
| # include <stdlib.h>
| # include <stddef.h>
| #else
| # ifdef HAVE_STDLIB_H
| #  include <stdlib.h>
| # endif
| #endif
| #ifdef HAVE_STRING_H
| # if !defined STDC_HEADERS && defined HAVE_MEMORY_H
| #  include <memory.h>
| # endif
| # include <string.h>
| #endif
| #ifdef HAVE_STRINGS_H
| # include <strings.h>
| #endif
| #ifdef HAVE_INTTYPES_H
| # include <inttypes.h>
| #endif
| #ifdef HAVE_STDINT_H
| # include <stdint.h>
| #endif
| #ifdef HAVE_UNISTD_H
| # include <unistd.h>
| #endif
| int
| main ()
| {
| if (sizeof (_Bool))
| 	 return 0;
|   ;
|   return 0;
| }
configure:7646: result: no
configure:7657: checking for int32_t
configure:7657: g++ -c -g -O2  conftest.cpp >&5
configure:7657: $? = 0
configure:7657: g++ -c -g -O2  conftest.cpp >&5
conftest.cpp: In function 'int main()':
conftest.cpp:74:53: warning: integer overflow in expression [-Woverflow]
    < (int32_t) (((((int32_t) 1 << N) << N) - 1) * 2 + 2))];
                 ~~~~~~~~~~~~~~~~~~~~~~~~~~~~~~~~~~~~^~~
conftest.cpp:74:58: error: size of array 'test_array' is negative
    < (int32_t) (((((int32_t) 1 << N) << N) - 1) * 2 + 2))];
                                                          ^
configure:7657: $? = 1
configure: failed program was:
| /* confdefs.h */
| #define PACKAGE_NAME "occillo"
| #define PACKAGE_TARNAME "occillo"
| #define PACKAGE_VERSION "1.0.0"
| #define PACKAGE_STRING "occillo 1.0.0"
| #define PACKAGE_BUGREPORT "chewy509@mailcity.com"
| #define PACKAGE_URL ""
| #define ENABLE_NLS 1
| #define HAVE_GETTEXT 1
| #define HAVE_DCGETTEXT 1
| #define STDC_HEADERS 1
| #define HAVE_SYS_TYPES_H 1
| #define HAVE_SYS_STAT_H 1
| #define HAVE_STDLIB_H 1
| #define HAVE_STRING_H 1
| #define HAVE_MEMORY_H 1
| #define HAVE_STRINGS_H 1
| #define HAVE_INTTYPES_H 1
| #define HAVE_STDINT_H 1
| #define HAVE_UNISTD_H 1
| #define HAVE_LIBINTL_H 1
| #define HAVE_LOCALE_H 1
| #define HAVE_STDLIB_H 1
| #define HAVE_STRING_H 1
| #define HAVE_STRINGS_H 1
| #define HAVE_UNISTD_H 1
| #define HAVE_CSTDLIB 1
| #define HAVE_STRING 1
| #define HAVE_IOSTREAM 1
| #define HAVE_STACK 1
| #define HAVE_SET 1
| #define HAVE_CERRNO 1
| #define HAVE_VECTOR 1
| #define HAVE_SYS_STAT_H 1
| /* end confdefs.h.  */
| #include <stdio.h>
| #ifdef HAVE_SYS_TYPES_H
| # include <sys/types.h>
| #endif
| #ifdef HAVE_SYS_STAT_H
| # include <sys/stat.h>
| #endif
| #ifdef STDC_HEADERS
| # include <stdlib.h>
| # include <stddef.h>
| #else
| # ifdef HAVE_STDLIB_H
| #  include <stdlib.h>
| # endif
| #endif
| #ifdef HAVE_STRING_H
| # if !defined STDC_HEADERS && defined HAVE_MEMORY_H
| #  include <memory.h>
| # endif
| # include <string.h>
| #endif
| #ifdef HAVE_STRINGS_H
| # include <strings.h>
| #endif
| #ifdef HAVE_INTTYPES_H
| # include <inttypes.h>
| #endif
| #ifdef HAVE_STDINT_H
| # include <stdint.h>
| #endif
| #ifdef HAVE_UNISTD_H
| # include <unistd.h>
| #endif
| 	        enum { N = 32 / 2 - 1 };
| int
| main ()
| {
| static int test_array [1 - 2 * !((int32_t) (((((int32_t) 1 << N) << N) - 1) * 2 + 1)
| 		 < (int32_t) (((((int32_t) 1 << N) << N) - 1) * 2 + 2))];
| test_array [0] = 0;
| return test_array [0];
| 
|   ;
|   return 0;
| }
configure:7657: result: yes
configure:7668: checking for int64_t
configure:7668: g++ -c -g -O2  conftest.cpp >&5
configure:7668: $? = 0
configure:7668: g++ -c -g -O2  conftest.cpp >&5
conftest.cpp: In function 'int main()':
conftest.cpp:74:53: warning: integer overflow in expression [-Woverflow]
    < (int64_t) (((((int64_t) 1 << N) << N) - 1) * 2 + 2))];
                 ~~~~~~~~~~~~~~~~~~~~~~~~~~~~~~~~~~~~^~~
conftest.cpp:74:58: error: size of array 'test_array' is negative
    < (int64_t) (((((int64_t) 1 << N) << N) - 1) * 2 + 2))];
                                                          ^
configure:7668: $? = 1
configure: failed program was:
| /* confdefs.h */
| #define PACKAGE_NAME "occillo"
| #define PACKAGE_TARNAME "occillo"
| #define PACKAGE_VERSION "1.0.0"
| #define PACKAGE_STRING "occillo 1.0.0"
| #define PACKAGE_BUGREPORT "chewy509@mailcity.com"
| #define PACKAGE_URL ""
| #define ENABLE_NLS 1
| #define HAVE_GETTEXT 1
| #define HAVE_DCGETTEXT 1
| #define STDC_HEADERS 1
| #define HAVE_SYS_TYPES_H 1
| #define HAVE_SYS_STAT_H 1
| #define HAVE_STDLIB_H 1
| #define HAVE_STRING_H 1
| #define HAVE_MEMORY_H 1
| #define HAVE_STRINGS_H 1
| #define HAVE_INTTYPES_H 1
| #define HAVE_STDINT_H 1
| #define HAVE_UNISTD_H 1
| #define HAVE_LIBINTL_H 1
| #define HAVE_LOCALE_H 1
| #define HAVE_STDLIB_H 1
| #define HAVE_STRING_H 1
| #define HAVE_STRINGS_H 1
| #define HAVE_UNISTD_H 1
| #define HAVE_CSTDLIB 1
| #define HAVE_STRING 1
| #define HAVE_IOSTREAM 1
| #define HAVE_STACK 1
| #define HAVE_SET 1
| #define HAVE_CERRNO 1
| #define HAVE_VECTOR 1
| #define HAVE_SYS_STAT_H 1
| /* end confdefs.h.  */
| #include <stdio.h>
| #ifdef HAVE_SYS_TYPES_H
| # include <sys/types.h>
| #endif
| #ifdef HAVE_SYS_STAT_H
| # include <sys/stat.h>
| #endif
| #ifdef STDC_HEADERS
| # include <stdlib.h>
| # include <stddef.h>
| #else
| # ifdef HAVE_STDLIB_H
| #  include <stdlib.h>
| # endif
| #endif
| #ifdef HAVE_STRING_H
| # if !defined STDC_HEADERS && defined HAVE_MEMORY_H
| #  include <memory.h>
| # endif
| # include <string.h>
| #endif
| #ifdef HAVE_STRINGS_H
| # include <strings.h>
| #endif
| #ifdef HAVE_INTTYPES_H
| # include <inttypes.h>
| #endif
| #ifdef HAVE_STDINT_H
| # include <stdint.h>
| #endif
| #ifdef HAVE_UNISTD_H
| # include <unistd.h>
| #endif
| 	        enum { N = 64 / 2 - 1 };
| int
| main ()
| {
| static int test_array [1 - 2 * !((int64_t) (((((int64_t) 1 << N) << N) - 1) * 2 + 1)
| 		 < (int64_t) (((((int64_t) 1 << N) << N) - 1) * 2 + 2))];
| test_array [0] = 0;
| return test_array [0];
| 
|   ;
|   return 0;
| }
configure:7668: result: yes
configure:7679: checking for uint16_t
configure:7679: g++ -c -g -O2  conftest.cpp >&5
configure:7679: $? = 0
configure:7679: result: yes
configure:7691: checking for uint32_t
configure:7691: g++ -c -g -O2  conftest.cpp >&5
configure:7691: $? = 0
configure:7691: result: yes
configure:7705: checking for uint64_t
configure:7705: g++ -c -g -O2  conftest.cpp >&5
configure:7705: $? = 0
configure:7705: result: yes
configure:7719: checking for uint8_t
configure:7719: g++ -c -g -O2  conftest.cpp >&5
configure:7719: $? = 0
configure:7719: result: yes
configure:7737: checking for strchr
configure:7737: g++ -o conftest -g -O2   conftest.cpp  >&5
configure:7737: $? = 0
configure:7737: result: yes
configure:7802: checking for pkg-config
configure:7820: found /usr/bin/pkg-config
configure:7832: result: /usr/bin/pkg-config
configure:7857: checking pkg-config is at least version 0.9.0
configure:7860: result: yes
configure:7870: checking for SDL2
configure:7877: $PKG_CONFIG --exists --print-errors "sdl2"
configure:7880: $? = 0
configure:7894: $PKG_CONFIG --exists --print-errors "sdl2"
configure:7897: $? = 0
configure:7955: result: yes
configure:7961: checking for SDL2_image
configure:7968: $PKG_CONFIG --exists --print-errors "SDL2_image"
configure:7971: $? = 0
configure:7985: $PKG_CONFIG --exists --print-errors "SDL2_image"
configure:7988: $? = 0
configure:8046: result: yes
configure:8052: checking for SDL2_ttf
configure:8059: $PKG_CONFIG --exists --print-errors "SDL2_ttf"
configure:8062: $? = 0
configure:8076: $PKG_CONFIG --exists --print-errors "SDL2_ttf"
configure:8079: $? = 0
configure:8137: result: yes
configure:8143: checking for SDL2_mixer
configure:8150: $PKG_CONFIG --exists --print-errors "SDL2_mixer"
configure:8153: $? = 0
configure:8167: $PKG_CONFIG --exists --print-errors "SDL2_mixer"
configure:8170: $? = 0
configure:8228: result: yes
configure:8234: checking for cairo
configure:8241: $PKG_CONFIG --exists --print-errors "cairo"
configure:8244: $? = 0
configure:8258: $PKG_CONFIG --exists --print-errors "cairo"
configure:8261: $? = 0
configure:8319: result: yes
configure:8325: checking for cairo_svg
configure:8332: $PKG_CONFIG --exists --print-errors "cairo-svg"
configure:8335: $? = 0
configure:8349: $PKG_CONFIG --exists --print-errors "cairo-svg"
configure:8352: $? = 0
configure:8410: result: yes
configure:8416: checking for librsvg
configure:8423: $PKG_CONFIG --exists --print-errors "librsvg-2.0"
configure:8426: $? = 0
configure:8440: $PKG_CONFIG --exists --print-errors "librsvg-2.0"
configure:8443: $? = 0
configure:8501: result: yes
configure:8511: checking whether C++ compiler accepts  -Wall -Wextra -Wpedantic 
configure:8530: g++ -c -g -O2   -Wall -Wextra -Wpedantic   conftest.cpp >&5
configure:8530: $? = 0
configure:8538: result: yes
configure:8702: checking that generated files are newer than configure
configure:8708: result: done
configure:8747: creating ./config.status

## ---------------------- ##
## Running config.status. ##
## ---------------------- ##

This file was extended by occillo config.status 1.0.0, which was
generated by GNU Autoconf 2.69.  Invocation command line was

  CONFIG_FILES    = 
  CONFIG_HEADERS  = 
  CONFIG_LINKS    = 
  CONFIG_COMMANDS = 
  $ ./config.status 

on carbon

config.status:957: creating docs/Doxyfile
config.status:957: creating Makefile
config.status:957: creating src/Makefile
config.status:957: creating tests/Makefile
config.status:957: creating docs/Makefile
config.status:957: creating images/Makefile
config.status:957: creating music/Makefile
config.status:957: creating sounds/Makefile
config.status:957: creating game/Makefile
config.status:957: creating fonts/Makefile
config.status:957: creating po/Makefile.in
config.status:957: creating misc/occillo.desktop
config.status:957: creating misc/Makefile
config.status:957: creating config.h
config.status:1138: config.h is unchanged
config.status:1186: executing depfiles commands
config.status:1186: executing po-directories commands

## ---------------- ##
## Cache variables. ##
## ---------------- ##

ac_cv_build=x86_64-unknown-linux-gnu
ac_cv_c_compiler_gnu=yes
ac_cv_c_int32_t=yes
ac_cv_c_int64_t=yes
ac_cv_c_uint16_t=yes
ac_cv_c_uint32_t=yes
ac_cv_c_uint64_t=yes
ac_cv_c_uint8_t=yes
ac_cv_cxx_compiler_gnu=yes
ac_cv_env_CCC_set=
ac_cv_env_CCC_value=
ac_cv_env_CC_set=
ac_cv_env_CC_value=
ac_cv_env_CFLAGS_set=
ac_cv_env_CFLAGS_value=
ac_cv_env_CPPFLAGS_set=
ac_cv_env_CPPFLAGS_value=
ac_cv_env_CXXCPP_set=
ac_cv_env_CXXCPP_value=
ac_cv_env_CXXFLAGS_set=
ac_cv_env_CXXFLAGS_value=
ac_cv_env_CXX_set=
ac_cv_env_CXX_value=
ac_cv_env_LDFLAGS_set=
ac_cv_env_LDFLAGS_value=
ac_cv_env_LIBS_set=
ac_cv_env_LIBS_value=
ac_cv_env_PKG_CONFIG_LIBDIR_set=
ac_cv_env_PKG_CONFIG_LIBDIR_value=
ac_cv_env_PKG_CONFIG_PATH_set=
ac_cv_env_PKG_CONFIG_PATH_value=
ac_cv_env_PKG_CONFIG_set=
ac_cv_env_PKG_CONFIG_value=
ac_cv_env_SDL2_CFLAGS_set=
ac_cv_env_SDL2_CFLAGS_value=
ac_cv_env_SDL2_LIBS_set=
ac_cv_env_SDL2_LIBS_value=
ac_cv_env_SDL2_image_CFLAGS_set=
ac_cv_env_SDL2_image_CFLAGS_value=
ac_cv_env_SDL2_image_LIBS_set=
ac_cv_env_SDL2_image_LIBS_value=
ac_cv_env_SDL2_mixer_CFLAGS_set=
ac_cv_env_SDL2_mixer_CFLAGS_value=
ac_cv_env_SDL2_mixer_LIBS_set=
ac_cv_env_SDL2_mixer_LIBS_value=
ac_cv_env_SDL2_ttf_CFLAGS_set=
ac_cv_env_SDL2_ttf_CFLAGS_value=
ac_cv_env_SDL2_ttf_LIBS_set=
ac_cv_env_SDL2_ttf_LIBS_value=
ac_cv_env_build_alias_set=
ac_cv_env_build_alias_value=
ac_cv_env_cairo_CFLAGS_set=
ac_cv_env_cairo_CFLAGS_value=
ac_cv_env_cairo_LIBS_set=
ac_cv_env_cairo_LIBS_value=
ac_cv_env_cairo_svg_CFLAGS_set=
ac_cv_env_cairo_svg_CFLAGS_value=
ac_cv_env_cairo_svg_LIBS_set=
ac_cv_env_cairo_svg_LIBS_value=
ac_cv_env_host_alias_set=
ac_cv_env_host_alias_value=
ac_cv_env_librsvg_CFLAGS_set=
ac_cv_env_librsvg_CFLAGS_value=
ac_cv_env_librsvg_LIBS_set=
ac_cv_env_librsvg_LIBS_value=
ac_cv_env_target_alias_set=
ac_cv_env_target_alias_value=
ac_cv_func_strchr=yes
ac_cv_header_cerrno=yes
ac_cv_header_cstdlib=yes
ac_cv_header_inttypes_h=yes
ac_cv_header_iostream=yes
ac_cv_header_libintl_h=yes
ac_cv_header_locale_h=yes
ac_cv_header_memory_h=yes
ac_cv_header_set=yes
ac_cv_header_stack=yes
ac_cv_header_stdbool_h=no
ac_cv_header_stdc=yes
ac_cv_header_stdint_h=yes
ac_cv_header_stdlib_h=yes
ac_cv_header_string=yes
ac_cv_header_string_h=yes
ac_cv_header_strings_h=yes
ac_cv_header_sys_stat_h=yes
ac_cv_header_sys_types_h=yes
ac_cv_header_unistd_h=yes
ac_cv_header_vector=yes
ac_cv_host=x86_64-unknown-linux-gnu
ac_cv_objext=o
ac_cv_path_CPPUNIT_CONFIG=/usr/bin/cppunit-config
ac_cv_path_EGREP='/usr/bin/grep -E'
ac_cv_path_GMSGFMT=/usr/bin/msgfmt
ac_cv_path_GREP=/usr/bin/grep
ac_cv_path_MSGFMT=/usr/bin/msgfmt
ac_cv_path_MSGMERGE=/usr/bin/msgmerge
ac_cv_path_SED=/usr/bin/sed
ac_cv_path_XGETTEXT=/usr/bin/xgettext
ac_cv_path_ac_pt_PKG_CONFIG=/usr/bin/pkg-config
ac_cv_path_install='/usr/bin/install -c'
ac_cv_path_mkdir=/usr/bin/mkdir
ac_cv_prog_AWK=gawk
ac_cv_prog_CXXCPP='g++ -E'
ac_cv_prog_DOXYGEN=doxygen
ac_cv_prog_ac_ct_CC=gcc
ac_cv_prog_ac_ct_CXX=g++
ac_cv_prog_cc_c89=
ac_cv_prog_cc_g=yes
ac_cv_prog_cxx_g=yes
ac_cv_prog_make_make_set=yes
ac_cv_type__Bool=no
ac_cv_type_size_t=yes
acl_cv_hardcode_direct=no
acl_cv_hardcode_libdir_flag_spec='${wl}-rpath ${wl}$libdir'
acl_cv_hardcode_libdir_separator=
acl_cv_hardcode_minus_L=no
acl_cv_libext=a
acl_cv_libname_spec='lib$name'
acl_cv_library_names_spec='$libname$shrext'
acl_cv_path_LD=/usr/bin/ld
acl_cv_prog_gnu_ld=yes
acl_cv_rpath=done
acl_cv_shlibext=so
acl_cv_wl=-Wl,
am_cv_CC_dependencies_compiler_type=gcc3
am_cv_CXX_dependencies_compiler_type=gcc3
am_cv_make_support_nested_variables=yes
am_cv_prog_cc_c_o=yes
ax_cv_check_cxxflags____Wall__Wextra__Wpedantic_=yes
ax_cv_cxx_compile_cxx11=yes
gt_cv_func_CFLocaleCopyCurrent=no
gt_cv_func_CFPreferencesCopyAppValue=no
gt_cv_func_gnugettext1_libc=yes
pkg_cv_SDL2_CFLAGS='-D_REENTRANT -I/usr/include/SDL2'
pkg_cv_SDL2_LIBS=-lSDL2
pkg_cv_SDL2_image_CFLAGS='-D_REENTRANT -I/usr/include/SDL2'
pkg_cv_SDL2_image_LIBS='-lSDL2_image -lSDL2'
pkg_cv_SDL2_mixer_CFLAGS='-D_REENTRANT -I/usr/include/SDL2'
pkg_cv_SDL2_mixer_LIBS='-lSDL2_mixer -lSDL2'
pkg_cv_SDL2_ttf_CFLAGS='-D_REENTRANT -I/usr/include/SDL2'
pkg_cv_SDL2_ttf_LIBS='-lSDL2_ttf -lSDL2'
pkg_cv_cairo_CFLAGS='-I/usr/include/cairo -I/usr/include/pixman-1 -I/usr/include/freetype2 -I/usr/include/libpng16 -I/usr/include/harfbuzz -I/usr/include/glib-2.0 -I/usr/lib/glib-2.0/include -I/usr/include/freetype2 -I/usr/include/harfbuzz -I/usr/include/glib-2.0 -I/usr/lib/glib-2.0/include -I/usr/include/libdrm -I/usr/include/libpng16'
pkg_cv_cairo_LIBS=-lcairo
pkg_cv_cairo_svg_CFLAGS='-I/usr/include/cairo -I/usr/include/pixman-1 -I/usr/include/freetype2 -I/usr/include/libpng16 -I/usr/include/harfbuzz -I/usr/include/glib-2.0 -I/usr/lib/glib-2.0/include -I/usr/include/freetype2 -I/usr/include/harfbuzz -I/usr/include/glib-2.0 -I/usr/lib/glib-2.0/include -I/usr/include/libdrm -I/usr/include/libpng16'
pkg_cv_cairo_svg_LIBS=-lcairo
pkg_cv_librsvg_CFLAGS='-pthread -I/usr/include/librsvg-2.0 -I/usr/include/gdk-pixbuf-2.0 -I/usr/include/libpng16 -I/usr/include/cairo -I/usr/include/pixman-1 -I/usr/include/freetype2 -I/usr/include/libpng16 -I/usr/include/harfbuzz -I/usr/include/glib-2.0 -I/usr/lib/glib-2.0/include -I/usr/include/freetype2 -I/usr/include/harfbuzz -I/usr/include/glib-2.0 -I/usr/lib/glib-2.0/include -I/usr/include/libdrm -I/usr/include/libpng16'
pkg_cv_librsvg_LIBS='-lrsvg-2 -lm -lgio-2.0 -lgdk_pixbuf-2.0 -lgobject-2.0 -lglib-2.0 -lcairo'

## ----------------- ##
## Output variables. ##
## ----------------- ##

ACLOCAL='${SHELL} /home/darran/git/occillo/config/missing aclocal-1.15'
AMDEPBACKSLASH='\'
AMDEP_FALSE='#'
AMDEP_TRUE=''
AMTAR='$${TAR-tar}'
AM_BACKSLASH='\'
AM_DEFAULT_V='$(AM_DEFAULT_VERBOSITY)'
AM_DEFAULT_VERBOSITY='1'
AM_V='$(V)'
ARCH='host_cpu'
AUTOCONF='${SHELL} /home/darran/git/occillo/config/missing autoconf'
AUTOHEADER='${SHELL} /home/darran/git/occillo/config/missing autoheader'
AUTOMAKE='${SHELL} /home/darran/git/occillo/config/missing automake-1.15'
AWK='gawk'
CC='gcc'
CCDEPMODE='depmode=gcc3'
CFLAGS='-g -O2'
CPPFLAGS=''
CPPUNIT_CFLAGS=''
CPPUNIT_CONFIG='/usr/bin/cppunit-config'
CPPUNIT_LIBS='-lcppunit -ldl'
CXX='g++'
CXXCPP='g++ -E'
CXXDEPMODE='depmode=gcc3'
CXXFLAGS='-g -O2 -Wall -Wextra -Wpedantic '
CYGPATH_W='echo'
DEBUG_FALSE=''
DEBUG_TRUE='#'
DEFS='-DHAVE_CONFIG_H'
DEPDIR='.deps'
DOXYGEN='doxygen'
ECHO_C=''
ECHO_N='-n'
ECHO_T=''
EGREP='/usr/bin/grep -E'
EXEEXT=''
GETTEXT_MACRO_VERSION='0.18'
GMSGFMT='/usr/bin/msgfmt'
GMSGFMT_015='/usr/bin/msgfmt'
GREP='/usr/bin/grep'
HAVE_CXX11=''
HAVE_DOXYGEN_FALSE='#'
HAVE_DOXYGEN_TRUE=''
HAVE_WINDRES_FALSE=''
HAVE_WINDRES_TRUE='#'
INSTALL_DATA='${INSTALL} -m 644'
INSTALL_PROGRAM='${INSTALL}'
INSTALL_SCRIPT='${INSTALL}'
INSTALL_STRIP_PROGRAM='$(install_sh) -c -s'
INTLLIBS=''
INTL_MACOSX_LIBS=''
LDFLAGS=''
LIBICONV='-liconv'
LIBINTL=''
LIBOBJS=''
LIBS=''
LN_S='ln -s'
LTLIBICONV='-liconv'
LTLIBINTL=''
LTLIBOBJS=''
MAKEINFO='${SHELL} /home/darran/git/occillo/config/missing makeinfo'
MKDIR_P='/usr/bin/mkdir -p'
MSGFMT='/usr/bin/msgfmt'
MSGFMT_015='/usr/bin/msgfmt'
MSGMERGE='/usr/bin/msgmerge'
OBJEXT='o'
PACKAGE='occillo'
PACKAGE_BUGREPORT='chewy509@mailcity.com'
PACKAGE_NAME='occillo'
PACKAGE_STRING='occillo 1.0.0'
PACKAGE_TARNAME='occillo'
PACKAGE_URL=''
PACKAGE_VERSION='1.0.0'
PATH_SEPARATOR=':'
PKG_CONFIG='/usr/bin/pkg-config'
PKG_CONFIG_LIBDIR=''
PKG_CONFIG_PATH=''
POSUB='po'
SDL2_CFLAGS='-D_REENTRANT -I/usr/include/SDL2'
SDL2_LIBS='-lSDL2'
SDL2_image_CFLAGS='-D_REENTRANT -I/usr/include/SDL2'
SDL2_image_LIBS='-lSDL2_image -lSDL2'
SDL2_mixer_CFLAGS='-D_REENTRANT -I/usr/include/SDL2'
SDL2_mixer_LIBS='-lSDL2_mixer -lSDL2'
SDL2_ttf_CFLAGS='-D_REENTRANT -I/usr/include/SDL2'
SDL2_ttf_LIBS='-lSDL2_ttf -lSDL2'
SED='/usr/bin/sed'
SET_MAKE=''
SHELL='/bin/sh'
STRIP=''
USE_NLS='yes'
VERSION='1.0.0'
XGETTEXT='/usr/bin/xgettext'
XGETTEXT_015='/usr/bin/xgettext'
XGETTEXT_EXTRA_OPTIONS=''
ac_ct_CC='gcc'
ac_ct_CXX='g++'
am__EXEEXT_FALSE=''
am__EXEEXT_TRUE='#'
am__fastdepCC_FALSE='#'
am__fastdepCC_TRUE=''
am__fastdepCXX_FALSE='#'
am__fastdepCXX_TRUE=''
am__include='include'
am__isrc=''
am__leading_dot='.'
am__nodep='_no'
am__quote=''
am__tar='$${TAR-tar} chof - "$$tardir"'
am__untar='$${TAR-tar} xf -'
bindir='${exec_prefix}/bin'
build='x86_64-unknown-linux-gnu'
build_alias=''
build_cpu='x86_64'
build_os='linux-gnu'
build_vendor='unknown'
cairo_CFLAGS='-I/usr/include/cairo -I/usr/include/pixman-1 -I/usr/include/freetype2 -I/usr/include/libpng16 -I/usr/include/harfbuzz -I/usr/include/glib-2.0 -I/usr/lib/glib-2.0/include -I/usr/include/freetype2 -I/usr/include/harfbuzz -I/usr/include/glib-2.0 -I/usr/lib/glib-2.0/include -I/usr/include/libdrm -I/usr/include/libpng16'
cairo_LIBS='-lcairo'
cairo_svg_CFLAGS='-I/usr/include/cairo -I/usr/include/pixman-1 -I/usr/include/freetype2 -I/usr/include/libpng16 -I/usr/include/harfbuzz -I/usr/include/glib-2.0 -I/usr/lib/glib-2.0/include -I/usr/include/freetype2 -I/usr/include/harfbuzz -I/usr/include/glib-2.0 -I/usr/lib/glib-2.0/include -I/usr/include/libdrm -I/usr/include/libpng16'
cairo_svg_LIBS='-lcairo'
datadir='${datarootdir}'
datarootdir='${prefix}/share'
docdir='${datarootdir}/doc/${PACKAGE_TARNAME}'
dvidir='${docdir}'
exec_prefix='${prefix}'
host='x86_64-unknown-linux-gnu'
host_alias=''
host_cpu='x86_64'
host_os='linux-gnu'
host_vendor='unknown'
htmldir='${docdir}'
includedir='${prefix}/include'
infodir='${datarootdir}/info'
install_sh='${SHELL} /home/darran/git/occillo/config/install-sh'
libdir='${exec_prefix}/lib'
libexecdir='${exec_prefix}/libexec'
librsvg_CFLAGS='-pthread -I/usr/include/librsvg-2.0 -I/usr/include/gdk-pixbuf-2.0 -I/usr/include/libpng16 -I/usr/include/cairo -I/usr/include/pixman-1 -I/usr/include/freetype2 -I/usr/include/libpng16 -I/usr/include/harfbuzz -I/usr/include/glib-2.0 -I/usr/lib/glib-2.0/include -I/usr/include/freetype2 -I/usr/include/harfbuzz -I/usr/include/glib-2.0 -I/usr/lib/glib-2.0/include -I/usr/include/libdrm -I/usr/include/libpng16'
librsvg_LIBS='-lrsvg-2 -lm -lgio-2.0 -lgdk_pixbuf-2.0 -lgobject-2.0 -lglib-2.0 -lcairo'
localedir='${datarootdir}/locale'
localstatedir='${prefix}/var'
mandir='${datarootdir}/man'
mkdir_p='$(MKDIR_P)'
oldincludedir='/usr/include'
pdfdir='${docdir}'
prefix='/usr/local'
program_transform_name='s,x,x,'
psdir='${docdir}'
sbindir='${exec_prefix}/sbin'
sharedstatedir='${prefix}/com'
sysconfdir='${prefix}/etc'
target_alias=''

## ----------- ##
## confdefs.h. ##
## ----------- ##

/* confdefs.h */
#define PACKAGE_NAME "occillo"
#define PACKAGE_TARNAME "occillo"
#define PACKAGE_VERSION "1.0.0"
#define PACKAGE_STRING "occillo 1.0.0"
#define PACKAGE_BUGREPORT "chewy509@mailcity.com"
#define PACKAGE_URL ""
#define ENABLE_NLS 1
#define HAVE_GETTEXT 1
#define HAVE_DCGETTEXT 1
#define STDC_HEADERS 1
#define HAVE_SYS_TYPES_H 1
#define HAVE_SYS_STAT_H 1
#define HAVE_STDLIB_H 1
#define HAVE_STRING_H 1
#define HAVE_MEMORY_H 1
#define HAVE_STRINGS_H 1
#define HAVE_INTTYPES_H 1
#define HAVE_STDINT_H 1
#define HAVE_UNISTD_H 1
#define HAVE_LIBINTL_H 1
#define HAVE_LOCALE_H 1
#define HAVE_STDLIB_H 1
#define HAVE_STRING_H 1
#define HAVE_STRINGS_H 1
#define HAVE_UNISTD_H 1
#define HAVE_CSTDLIB 1
#define HAVE_STRING 1
#define HAVE_IOSTREAM 1
#define HAVE_STACK 1
#define HAVE_SET 1
#define HAVE_CERRNO 1
#define HAVE_VECTOR 1
#define HAVE_SYS_STAT_H 1
#define HAVE_STRCHR 1
#define DEBUG 0

configure: exit 0

## ---------------------- ##
## Running config.status. ##
## ---------------------- ##

This file was extended by occillo config.status 1.0.0, which was
generated by GNU Autoconf 2.69.  Invocation command line was

  CONFIG_FILES    = 
  CONFIG_HEADERS  = 
  CONFIG_LINKS    = 
  CONFIG_COMMANDS = 
  $ ./config.status game/Makefile

on carbon

config.status:957: creating game/Makefile
